Rc files read:
  /etc/latexmkrc
Latexmk: This is Latexmk, John Collins, 7 Apr. 2024. Version 4.85.
No existing .aux file, so I'll make a simple one, and require run of *latex.
Latexmk: applying rule 'xelatex'...
Rule 'xelatex':  Reasons for rerun
Category 'other':
  Rerun of 'xelatex' forced or previously required:
    Reason or flag: 'Initial setup'

------------
Run number 1 of rule 'xelatex'
------------
------------
Running 'xelatex -no-pdf -synctex=1 -interaction=batchmode -file-line-error -shell-escape -recorder  "background.tex"'
------------
This is XeTeX, Version 3.14159265-2.6-0.999992 (TeX Live 2020) (preloaded format=xelatex)
 \write18 enabled.
entering extended mode

SyncTeX written on background.synctex.gz.Latexmk: Getting log file 'background.log'
Latexmk: Examining 'background.fls'
Latexmk: Examining 'background.log'
Latexmk: References changed.
Latexmk: References changed.
Latexmk: Log file says output to 'background.xdv'
Latexmk: applying rule 'xelatex'...
Rule 'xelatex':  Reasons for rerun
Changed files or newly in use/created:
  background.aux
  background.out

------------
Run number 2 of rule 'xelatex'
------------
------------
Running 'xelatex -no-pdf -synctex=1 -interaction=batchmode -file-line-error -shell-escape -recorder  "background.tex"'
------------
This is XeTeX, Version 3.14159265-2.6-0.999992 (TeX Live 2020) (preloaded format=xelatex)
 \write18 enabled.
entering extended mode

SyncTeX written on background.synctex.gz.Latexmk: Getting log file 'background.log'
Latexmk: Examining 'background.fls'
Latexmk: Examining 'background.log'
Latexmk: Log file says output to 'background.xdv'
Latexmk: applying rule 'xdvipdfmx'...
Rule 'xdvipdfmx':  Reasons for rerun
Changed files or newly in use/created:
  background.xdv
Category 'changed_source_rules':
  xelatex
Category 'no_dest':
  xdvipdfmx

------------
Run number 1 of rule 'xdvipdfmx'
------------
------------
Running 'xdvipdfmx -E -o "background.pdf"  "background.xdv"'
------------
background.xdv -> background.pdf
[1][2
xdvipdfmx:warning: Object @figure.1 already defined.
xdvipdfmx:warning: Object @figure.2 already defined.
xdvipdfmx:warning: Object @figure.3 already defined.
]
776643 bytes written
Latexmk: All targets (background.xdv background.pdf) are up-to-date

